#
# There is insufficient memory for the Java Runtime Environment to continue.
# Native memory allocation (mmap) failed to map 266338304 bytes for Failed to commit area from 0x0000000702000000 to 0x0000000711e00000 of length 266338304.
# Possible reasons:
#   The system is out of physical RAM or swap space
#   The process is running with CompressedOops enabled, and the Java Heap may be blocking the growth of the native heap
# Possible solutions:
#   Reduce memory load on the system
#   Increase physical memory or swap space
#   Check if swap backing store is full
#   Decrease Java heap size (-Xmx/-Xms)
#   Decrease number of Java threads
#   Decrease Java thread stack sizes (-Xss)
#   Set larger code cache with -XX:ReservedCodeCacheSize=
# This output file may be truncated or incomplete.
#
#  Out of Memory Error (./src/hotspot/os/windows/os_windows.cpp:3303), pid=11332, tid=18492
#
# JRE version:  (11.0.8+10) (build )
# Java VM: OpenJDK 64-Bit Server VM (11.0.8+10-b944.34, mixed mode, sharing, tiered, compressed oops, g1 gc, windows-amd64)
# No core dump will be written. Minidumps are not enabled by default on client versions of Windows
#

---------------  S U M M A R Y ------------

Command Line: -ea -Didea.test.cyclic.buffer.size=1048576 -javaagent:C:\Program Files\JetBrains\IntelliJ IDEA 2019.2\lib\idea_rt.jar=62885:C:\Program Files\JetBrains\IntelliJ IDEA 2019.2\bin -Dfile.encoding=UTF-8 com.intellij.rt.junit.JUnitStarter -ideVersion5 -junit4 Severotek.DefaultSuiteTest

Host: Intel(R) Core(TM) i5-7200U CPU @ 2.50GHz, 4 cores, 15G,  Windows 10 , 64 bit Build 18362 (10.0.18362.1110)
Time: Thu Nov 19 20:19:41 2020 RTZ 2 (ceia) elapsed time: 0 seconds (0d 0h 0m 0s)

---------------  T H R E A D  ---------------

Current thread (0x0000025697270800):  JavaThread "Unknown thread" [_thread_in_vm, id=18492, stack(0x000000c50b400000,0x000000c50b500000)]

Stack: [0x000000c50b400000,0x000000c50b500000]
Native frames: (J=compiled Java code, j=interpreted, Vv=VM code, C=native code)
V  [jvm.dll+0x5de35a]
V  [jvm.dll+0x712355]
V  [jvm.dll+0x7138ad]
V  [jvm.dll+0x713f63]
V  [jvm.dll+0x23e628]
V  [jvm.dll+0x5db804]
V  [jvm.dll+0x5d0925]
V  [jvm.dll+0x2faf9b]
V  [jvm.dll+0x2faf0a]
V  [jvm.dll+0x2fade2]
V  [jvm.dll+0x2ffcb6]
V  [jvm.dll+0x3483a3]
V  [jvm.dll+0x348aa6]
V  [jvm.dll+0x3484a3]
V  [jvm.dll+0x2d5be8]
V  [jvm.dll+0x2d6d87]
V  [jvm.dll+0x6f10e7]
V  [jvm.dll+0x6f28dc]
V  [jvm.dll+0x3558f9]
V  [jvm.dll+0x6d492e]
V  [jvm.dll+0x3bdad3]
V  [jvm.dll+0x3bfd01]
C  [jli.dll+0x5373]
C  [ucrtbase.dll+0x210b2]
C  [KERNEL32.DLL+0x17c24]
C  [ntdll.dll+0x6cea1]


---------------  P R O C E S S  ---------------

Threads class SMR info:
_java_thread_list=0x00000256950784d0, length=0, elements={
}

Java Threads: ( => current thread )

Other Threads:
  0x000002569728a000 GCTaskThread "GC Thread#0" [stack: 0x000000c50b500000,0x000000c50b600000] [id=10704]
  0x00000256972e8800 ConcurrentGCThread "G1 Main Marker" [stack: 0x000000c50b600000,0x000000c50b700000] [id=11980]
  0x00000256972ea000 ConcurrentGCThread "G1 Conc#0" [stack: 0x000000c50b700000,0x000000c50b800000] [id=16012]

[error occurred during error reporting (printing all threads), id 0xc0000005, EXCEPTION_ACCESS_VIOLATION (0xc0000005) at pc=0x00007ff8d52960c7]

VM state:not at safepoint (not fully initialized)

VM Mutex/Monitor currently owned by a thread:  ([mutex/lock_event])
[0x000002569726dc70] Heap_lock - owner thread: 0x0000025697270800

Heap address: 0x0000000702000000, size: 4064 MB, Compressed Oops mode: Non-zero based: 0x0000000702000000
Narrow klass base: 0x0000000000000000, Narrow klass shift: 0

GC Heap History (0 events):
No events

Deoptimization events (0 events):
No events

Classes redefined (0 events):
No events

Internal exceptions (0 events):
No events

Events (1 events):
Event: 0.018 Loaded shared library C:\Program Files\JetBrains\IntelliJ IDEA 2019.2\jbr\bin\zip.dll


Dynamic libraries:
0x00007ff6f6190000 - 0x00007ff6f619a000 	C:\Program Files\JetBrains\IntelliJ IDEA 2019.2\jbr\bin\java.exe
0x00007ff915d20000 - 0x00007ff915f10000 	C:\WINDOWS\SYSTEM32\ntdll.dll
0x00007ff915c20000 - 0x00007ff915cd2000 	C:\WINDOWS\System32\KERNEL32.DLL
0x00007ff913050000 - 0x00007ff9132f5000 	C:\WINDOWS\System32\KERNELBASE.dll
0x00007ff912d60000 - 0x00007ff912e5a000 	C:\WINDOWS\System32\ucrtbase.dll
0x00007ff9002c0000 - 0x00007ff9002d7000 	C:\Program Files\JetBrains\IntelliJ IDEA 2019.2\jbr\bin\VCRUNTIME140.dll
0x00007ff900590000 - 0x00007ff9005a9000 	C:\Program Files\JetBrains\IntelliJ IDEA 2019.2\jbr\bin\jli.dll
0x00007ff9149c0000 - 0x00007ff914b54000 	C:\WINDOWS\System32\USER32.dll
0x00007ff912cb0000 - 0x00007ff912cd1000 	C:\WINDOWS\System32\win32u.dll
0x00007ff914470000 - 0x00007ff914496000 	C:\WINDOWS\System32\GDI32.dll
0x00007ff912eb0000 - 0x00007ff913046000 	C:\WINDOWS\System32\gdi32full.dll
0x00007ff913d30000 - 0x00007ff913dce000 	C:\WINDOWS\System32\msvcp_win.dll
0x00007ff904b80000 - 0x00007ff904e04000 	C:\WINDOWS\WinSxS\amd64_microsoft.windows.common-controls_6595b64144ccf1df_6.0.18362.1139_none_9e7bf2d3e4605ac6\COMCTL32.dll
0x00007ff915620000 - 0x00007ff9156be000 	C:\WINDOWS\System32\msvcrt.dll
0x00007ff9156c0000 - 0x00007ff9159f5000 	C:\WINDOWS\System32\combase.dll
0x00007ff914100000 - 0x00007ff914220000 	C:\WINDOWS\System32\RPCRT4.dll
0x00007ff912ce0000 - 0x00007ff912d60000 	C:\WINDOWS\System32\bcryptPrimitives.dll
0x00007ff9155f0000 - 0x00007ff91561e000 	C:\WINDOWS\System32\IMM32.DLL
0x00007ff8e2480000 - 0x00007ff8e251d000 	C:\Program Files\JetBrains\IntelliJ IDEA 2019.2\jbr\bin\msvcp140.dll
0x00007ff8d4fb0000 - 0x00007ff8d5a6d000 	C:\Program Files\JetBrains\IntelliJ IDEA 2019.2\jbr\bin\server\jvm.dll
0x00007ff915b10000 - 0x00007ff915bb3000 	C:\WINDOWS\System32\ADVAPI32.dll
0x00007ff915a70000 - 0x00007ff915b07000 	C:\WINDOWS\System32\sechost.dll
0x00007ff914220000 - 0x00007ff914228000 	C:\WINDOWS\System32\PSAPI.DLL
0x00007ff900e10000 - 0x00007ff900e19000 	C:\WINDOWS\SYSTEM32\WSOCK32.dll
0x00007ff915a00000 - 0x00007ff915a6f000 	C:\WINDOWS\System32\WS2_32.dll
0x00007ff90f540000 - 0x00007ff90f564000 	C:\WINDOWS\SYSTEM32\WINMM.dll
0x00007ff90cfa0000 - 0x00007ff90cfaa000 	C:\WINDOWS\SYSTEM32\VERSION.dll
0x00007ff90f510000 - 0x00007ff90f53d000 	C:\WINDOWS\SYSTEM32\WINMMBASE.dll
0x00007ff913c30000 - 0x00007ff913c7a000 	C:\WINDOWS\System32\cfgmgr32.dll
0x00007ff912bf0000 - 0x00007ff912c01000 	C:\WINDOWS\System32\kernel.appcore.dll
0x00007ff90e640000 - 0x00007ff90e651000 	C:\Program Files\JetBrains\IntelliJ IDEA 2019.2\jbr\bin\verify.dll
0x00007ff8f58c0000 - 0x00007ff8f5ab4000 	C:\WINDOWS\SYSTEM32\DBGHELP.DLL
0x00007ff8f5730000 - 0x00007ff8f575a000 	C:\WINDOWS\SYSTEM32\dbgcore.DLL
0x00007ff9017e0000 - 0x00007ff901809000 	C:\Program Files\JetBrains\IntelliJ IDEA 2019.2\jbr\bin\java.dll
0x00007ff90f500000 - 0x00007ff90f50b000 	C:\Program Files\JetBrains\IntelliJ IDEA 2019.2\jbr\bin\jimage.dll
0x00007ff9004d0000 - 0x00007ff9004df000 	C:\Program Files\JetBrains\IntelliJ IDEA 2019.2\jbr\bin\instrument.dll
0x00007ff90e4e0000 - 0x00007ff90e4f8000 	C:\Program Files\JetBrains\IntelliJ IDEA 2019.2\jbr\bin\zip.dll

dbghelp: loaded successfully - version: 4.0.5 - missing functions: none
symbol engine: initialized successfully - sym options: 0x614 - pdb path: .;C:\Program Files\JetBrains\IntelliJ IDEA 2019.2\jbr\bin;C:\WINDOWS\SYSTEM32;C:\WINDOWS\WinSxS\amd64_microsoft.windows.common-controls_6595b64144ccf1df_6.0.18362.1139_none_9e7bf2d3e4605ac6;C:\Program Files\JetBrains\IntelliJ IDEA 2019.2\jbr\bin\server

VM Arguments:
jvm_args: -ea -Didea.test.cyclic.buffer.size=1048576 -javaagent:C:\Program Files\JetBrains\IntelliJ IDEA 2019.2\lib\idea_rt.jar=62885:C:\Program Files\JetBrains\IntelliJ IDEA 2019.2\bin -Dfile.encoding=UTF-8 
java_command: com.intellij.rt.junit.JUnitStarter -ideVersion5 -junit4 Severotek.DefaultSuiteTest
java_class_path (initial): C:\Program Files\JetBrains\IntelliJ IDEA 2019.2\lib\idea_rt.jar;C:\Program Files\JetBrains\IntelliJ IDEA 2019.2\plugins\junit\lib\junit5-rt.jar;C:\Program Files\JetBrains\IntelliJ IDEA 2019.2\plugins\junit\lib\junit-rt.jar;D:\Documents\SeverotekTestTask\Task\target\test-classes;C:\Users\levin\.m2\repository\org\seleniumhq\selenium\selenium-java\3.141.59\selenium-java-3.141.59.jar;C:\Users\levin\.m2\repository\org\seleniumhq\selenium\selenium-api\3.141.59\selenium-api-3.141.59.jar;C:\Users\levin\.m2\repository\org\seleniumhq\selenium\selenium-chrome-driver\3.141.59\selenium-chrome-driver-3.141.59.jar;C:\Users\levin\.m2\repository\org\seleniumhq\selenium\selenium-edge-driver\3.141.59\selenium-edge-driver-3.141.59.jar;C:\Users\levin\.m2\repository\org\seleniumhq\selenium\selenium-firefox-driver\3.141.59\selenium-firefox-driver-3.141.59.jar;C:\Users\levin\.m2\repository\org\seleniumhq\selenium\selenium-ie-driver\3.141.59\selenium-ie-driver-3.141.59.jar;C:\Users\levin\.m2\repository\org\seleniumhq\selenium\selenium-opera-driver\3.141.59\selenium-opera-driver-3.141.59.jar;C:\Users\levin\.m2\repository\org\seleniumhq\selenium\selenium-remote-driver\3.141.59\selenium-remote-driver-3.141.59.jar;C:\Users\levin\.m2\repository\org\seleniumhq\selenium\selenium-safari-driver\3.141.59\selenium-safari-driver-3.141.59.jar;C:\Users\levin\.m2\repository\org\seleniumhq\selenium\selenium-support\3.141.59\selenium-support-3.141.59.jar;C:\Users\levin\.m2\repository\net\bytebuddy\byte-buddy\1.8.15\byte-buddy-1.8.15.jar;C:\Users\levin\.m2\repository\org\apache\commons\commons-exec\1.3\commons-exec-1.3.jar;C:\Users\levin\.m2\repository\com\google\guava\guava\25.0-jre\guava-25.0-jre.jar;C:\Users\levin\.m2\repository\com\google\code\findbugs\jsr305\1.3.9\jsr305-1.3.9.jar;C:\Users\levin\.m2\repository\org\checkerframework\checker-compat-qual\2.0.0\checker-compat-qual-2.0.0.jar;C:\Users\levin\.m2\repository\com\google\errorprone\error_prone_annotations\2.1.3\error_pr
Launcher Type: SUN_STANDARD

[Global flags]
     intx CICompilerCount                          = 3                                         {product} {ergonomic}
     uint ConcGCThreads                            = 1                                         {product} {ergonomic}
     uint G1ConcRefinementThreads                  = 4                                         {product} {ergonomic}
   size_t G1HeapRegionSize                         = 1048576                                   {product} {ergonomic}
    uintx GCDrainStackTargetSize                   = 64                                        {product} {ergonomic}
   size_t InitialHeapSize                          = 266338304                                 {product} {ergonomic}
   size_t MarkStackSize                            = 4194304                                   {product} {ergonomic}
   size_t MaxHeapSize                              = 4261412864                                {product} {ergonomic}
   size_t MinHeapDeltaBytes                        = 1048576                                   {product} {ergonomic}
    uintx NonNMethodCodeHeapSize                   = 5830732                                {pd product} {ergonomic}
    uintx NonProfiledCodeHeapSize                  = 122913754                              {pd product} {ergonomic}
    uintx ProfiledCodeHeapSize                     = 122913754                              {pd product} {ergonomic}
    uintx ReservedCodeCacheSize                    = 251658240                              {pd product} {ergonomic}
     bool SegmentedCodeCache                       = true                                      {product} {ergonomic}
     bool UseCompressedClassPointers               = true                                 {lp64_product} {ergonomic}
     bool UseCompressedOops                        = true                                 {lp64_product} {ergonomic}
     bool UseG1GC                                  = true                                      {product} {ergonomic}
     bool UseLargePagesIndividualAllocation        = false                                  {pd product} {ergonomic}

Logging:
Log output configuration:
 #0: stdout all=warning uptime,level,tags
 #1: stderr all=off uptime,level,tags

Environment Variables:
PATH=C:\Program Files (x86)\Common Files\Oracle\Java\javapath;C:\Program Files (x86)\Intel\Intel(R) Management Engine Components\iCLS\;C:\Program Files\Intel\Intel(R) Management Engine Components\iCLS\;C:\Windows\system32;C:\Windows;C:\Windows\System32\Wbem;C:\Windows\System32\WindowsPowerShell\v1.0\;C:\Windows\System32\OpenSSH\;C:\Program Files\Go\bin;C:\Program Files (x86)\Intel\Intel(R) Management Engine Components\DAL;C:\Program Files\Intel\Intel(R) Management Engine Components\DAL;C:\Program Files (x86)\Intel\Intel(R) Management Engine Components\IPT;C:\Program Files\Intel\Intel(R) Management Engine Components\IPT;C:\Program Files (x86)\NVIDIA Corporation\PhysX\Common;C:\Program Files (x86)\Windows Kits\8.1\Windows Performance Toolkit\;C:\Program Files\NVIDIA Corporation\NVIDIA NvDLISR;C:\Program Files\MATLAB\R2019b\bin;C:\Program Files\nodejs\;C:\Program Files\Git\cmd;C:\Program Files\Microsoft SQL Server\Client SDK\ODBC\130\Tools\Binn\;C:\Program Files (x86)\Microsoft SQL Server\140\Tools\Binn\;C:\Program Files\Microsoft SQL Server\140\Tools\Binn\;C:\Program Files\Microsoft SQL Server\140\DTS\Binn\;C:\Program Files (x86)\Microsoft SQL Server\150\DTS\Binn\;C:\WINDOWS\system32;C:\WINDOWS;C:\WINDOWS\System32\Wbem;C:\WINDOWS\System32\WindowsPowerShell\v1.0\;C:\WINDOWS\System32\OpenSSH\;D:\ProgramFiles\BaseX\bin;C:\Program Files\MiKTeX\miktex\bin\x64\;C:\Program Files\apache-maven-3.6.3\bin;C:\Users\levin\AppData\Local\Programs\Python\Python37\Scripts\;C:\Users\levin\AppData\Local\Programs\Python\Python37\;C:\Users\levin\AppData\Local\Programs\Python\Launcher\;C:\Users\levin\.cargo\bin;C:\Users\levin\AppData\Local\Microsoft\WindowsApps;C:\Users\levin\go\bin;C:\Program Files\Microsoft VS Code\bin;C:\Users\levin\AppData\Roaming\npm;C:\Users\levin\.conda\pkgs\django-2.2.5-py37_1\Lib\site-packages\django\bin;C:\Program Files\apache-maven-3.6.3\bin;
USERNAME=levin
OS=Windows_NT
PROCESSOR_IDENTIFIER=Intel64 Family 6 Model 142 Stepping 9, GenuineIntel



---------------  S Y S T E M  ---------------

OS: Windows 10 , 64 bit Build 18362 (10.0.18362.1110)
OS uptime: 27 days 22:25 hours

CPU:total 4 (initial active 4) (2 cores per cpu, 2 threads per core) family 6 model 142 stepping 9, cmov, cx8, fxsr, mmx, sse, sse2, sse3, ssse3, sse4.1, sse4.2, popcnt, avx, avx2, aes, clmul, erms, 3dnowpref, lzcnt, ht, tsc, tscinvbit, bmi1, bmi2, adx, fma

Memory: 4k page, system-wide physical 16250M (4340M free)
TotalPageFile size 18298M (AvailPageFile size 99M)
current process WorkingSet (physical memory assigned to process): 10M, peak: 10M
current process commit charge ("private bytes"): 52M, peak: 306M

vm_info: OpenJDK 64-Bit Server VM (11.0.8+10-b944.34) for windows-amd64 JRE (11.0.8+10-b944.34), built on Sep 11 2020 15:32:11 by "" with MS VC++ 14.0 (VS2015)

END.
